<?xml version="1.0" encoding="UTF-8"?>
<!-- Generated by org.testng.reporters.JUnitXMLReporter -->
<testsuite ignored="0" hostname="LAPTOP-71APQ628" failures="1" tests="1" name="Phone Number Validation" time="0.006" errors="0" timestamp="2021-10-07T20:08:10 SAST">
  <testcase classname="testingtestcases.PhoneNumberValidation" name="InvalidphoneNumber" time="0.0">
    <failure type="java.lang.NullPointerException" message="Cannot invoke &amp;quot;org.openqa.selenium.WebDriver.get(String)&amp;quot; because &amp;quot;this.driver&amp;quot; is null">
      <![CDATA[java.lang.NullPointerException: Cannot invoke "org.openqa.selenium.WebDriver.get(String)" because "this.driver" is null
at testingtestcases.PhoneNumberValidation.InvalidphoneNumber(PhoneNumberValidation.java:20)
at java.base/java.util.ArrayList.forEach(ArrayList.java:1511)
... Removed 27 stack frames]]>
    </failure>
  </testcase> <!-- InvalidphoneNumber -->
</testsuite> <!-- Phone Number Validation -->
