<?xml version="1.0" encoding="UTF-8"?>
<!-- Generated by org.testng.reporters.JUnitXMLReporter -->
<testsuite ignored="0" hostname="LAPTOP-71APQ628" failures="0" tests="5" name="Test" time="124.748" errors="0" timestamp="2021-10-07T21:19:25 SAST">
  <testcase classname="testingtestcases.ContactUs" name="SubmitContactUs" time="27.015"/>
  <testcase classname="testingtestcases.EmailValidation" name="EmailValidate" time="28.993"/>
  <testcase classname="testingtestcases.ValidatingMandatoryFields" name="Mandatoryfields" time="10.51"/>
  <testcase classname="testingtestcases.PhoneNumberValidation" name="InvalidphoneNumber" time="30.862"/>
  <testcase classname="testingtestcases.SubmitUncheckedAgreement" name="unCheckedAgreement" time="27.315"/>
</testsuite> <!-- Test -->
