<?xml version="1.0" encoding="UTF-8"?>
<testng-results ignored="0" total="2" passed="2" failed="0" skipped="0">
  <reporter-output>
  </reporter-output>
  <suite started-at="2021-10-07T12:38:24 SAST" name="Default suite" finished-at="2021-10-07T12:38:49 SAST" duration-ms="24973">
    <groups>
    </groups>
    <test started-at="2021-10-07T12:38:24 SAST" name="Default test" finished-at="2021-10-07T12:38:49 SAST" duration-ms="24973">
      <class name="project.Project_Demo.Demo">
        <test-method signature="openbrowser()[pri:1, instance:project.Project_Demo.Demo@6193932a]" started-at="2021-10-07T12:38:24 SAST" name="openbrowser" finished-at="2021-10-07T12:38:30 SAST" duration-ms="5954" status="PASS">
          <reporter-output>
          </reporter-output>
        </test-method> <!-- openbrowser -->
        <test-method signature="Login()[pri:2, instance:project.Project_Demo.Demo@6193932a]" started-at="2021-10-07T12:38:30 SAST" name="Login" finished-at="2021-10-07T12:38:49 SAST" duration-ms="18970" status="PASS">
          <reporter-output>
          </reporter-output>
        </test-method> <!-- Login -->
      </class> <!-- project.Project_Demo.Demo -->
    </test> <!-- Default test -->
  </suite> <!-- Default suite -->
</testng-results>
